<?xml version="1.0" encoding="UTF-8"?>
<!-- Generated by org.testng.reporters.JUnitXMLReporter -->
<testsuite ignored="0" hostname="ZTE_Ting-PC" failures="0" tests="6" name="Free CRM App Test Cases" time="82.665" errors="0" timestamp="31 1月 2019 20:00:11 GMT">
  <testcase classname="com.crm.qa.testcases.LoginTest" name="loginPageTitleTest" time="0.031"/>
  <testcase classname="com.crm.qa.testcases.HomePageTest" name="verifyHomePageTitleTest" time="0.0"/>
  <testcase classname="com.crm.qa.testcases.LoginTest" name="crmLogoImageTest" time="0.228"/>
  <testcase classname="com.crm.qa.testcases.HomePageTest" name="verifyUserNameTest" time="0.086"/>
  <testcase classname="com.crm.qa.testcases.LoginTest" name="loginTest" time="3.136"/>
  <testcase classname="com.crm.qa.testcases.HomePageTest" name="verifyContactsLinkTest" time="4.758"/>
</testsuite> <!-- Free CRM App Test Cases -->
