<?xml version="1.0" encoding="UTF-8"?>
<testng-results ignored="0" total="6" passed="6" failed="0" skipped="0">
  <reporter-output>
  </reporter-output>
  <suite started-at="2019-01-31T19:58:48Z" name="FREE CRM Application Test Automation Test Suite" finished-at="2019-01-31T20:00:11Z" duration-ms="82665">
    <groups>
    </groups>
    <test started-at="2019-01-31T19:58:48Z" name="Free CRM App Test Cases" finished-at="2019-01-31T20:00:11Z" duration-ms="82665">
      <class name="com.crm.qa.testcases.HomePageTest">
        <test-method is-config="true" signature="setUp()[pri:0, instance:com.crm.qa.testcases.HomePageTest@8c3b9d]" started-at="2019-01-31T14:58:58Z" name="setUp" finished-at="2019-01-31T14:59:09Z" duration-ms="10051" status="PASS">
          <reporter-output>
          </reporter-output>
        </test-method> <!-- setUp -->
        <test-method signature="verifyHomePageTitleTest()[pri:1, instance:com.crm.qa.testcases.HomePageTest@8c3b9d]" started-at="2019-01-31T14:59:09Z" name="verifyHomePageTitleTest" finished-at="2019-01-31T14:59:09Z" duration-ms="0" status="PASS">
          <reporter-output>
          </reporter-output>
        </test-method> <!-- verifyHomePageTitleTest -->
        <test-method is-config="true" signature="tearDown()[pri:0, instance:com.crm.qa.testcases.HomePageTest@8c3b9d]" started-at="2019-01-31T14:59:09Z" name="tearDown" finished-at="2019-01-31T14:59:10Z" duration-ms="1250" status="PASS">
          <reporter-output>
          </reporter-output>
        </test-method> <!-- tearDown -->
        <test-method is-config="true" signature="setUp()[pri:0, instance:com.crm.qa.testcases.HomePageTest@8c3b9d]" started-at="2019-01-31T14:59:17Z" name="setUp" finished-at="2019-01-31T14:59:33Z" duration-ms="15324" status="PASS">
          <reporter-output>
          </reporter-output>
        </test-method> <!-- setUp -->
        <test-method signature="verifyUserNameTest()[pri:2, instance:com.crm.qa.testcases.HomePageTest@8c3b9d]" started-at="2019-01-31T14:59:33Z" name="verifyUserNameTest" finished-at="2019-01-31T14:59:33Z" duration-ms="86" status="PASS">
          <reporter-output>
          </reporter-output>
        </test-method> <!-- verifyUserNameTest -->
        <test-method is-config="true" signature="tearDown()[pri:0, instance:com.crm.qa.testcases.HomePageTest@8c3b9d]" started-at="2019-01-31T14:59:33Z" name="tearDown" finished-at="2019-01-31T14:59:35Z" duration-ms="2258" status="PASS">
          <reporter-output>
          </reporter-output>
        </test-method> <!-- tearDown -->
        <test-method is-config="true" signature="setUp()[pri:0, instance:com.crm.qa.testcases.HomePageTest@8c3b9d]" started-at="2019-01-31T14:59:49Z" name="setUp" finished-at="2019-01-31T15:00:04Z" duration-ms="15305" status="PASS">
          <reporter-output>
          </reporter-output>
        </test-method> <!-- setUp -->
        <test-method signature="verifyContactsLinkTest()[pri:3, instance:com.crm.qa.testcases.HomePageTest@8c3b9d]" started-at="2019-01-31T15:00:04Z" name="verifyContactsLinkTest" finished-at="2019-01-31T15:00:09Z" duration-ms="4758" status="PASS">
          <reporter-output>
          </reporter-output>
        </test-method> <!-- verifyContactsLinkTest -->
        <test-method is-config="true" signature="tearDown()[pri:0, instance:com.crm.qa.testcases.HomePageTest@8c3b9d]" started-at="2019-01-31T15:00:09Z" name="tearDown" finished-at="2019-01-31T15:00:11Z" duration-ms="1545" status="PASS">
          <reporter-output>
          </reporter-output>
        </test-method> <!-- tearDown -->
      </class> <!-- com.crm.qa.testcases.HomePageTest -->
      <class name="com.crm.qa.testcases.LoginTest">
        <test-method is-config="true" signature="setUp()[pri:0, instance:com.crm.qa.testcases.LoginTest@5b94b04d]" started-at="2019-01-31T14:58:48Z" name="setUp" finished-at="2019-01-31T14:58:57Z" duration-ms="9169" status="PASS">
          <reporter-output>
          </reporter-output>
        </test-method> <!-- setUp -->
        <test-method signature="loginPageTitleTest()[pri:1, instance:com.crm.qa.testcases.LoginTest@5b94b04d]" started-at="2019-01-31T14:58:57Z" name="loginPageTitleTest" finished-at="2019-01-31T14:58:57Z" duration-ms="31" status="PASS">
          <reporter-output>
          </reporter-output>
        </test-method> <!-- loginPageTitleTest -->
        <test-method is-config="true" signature="tearDown()[pri:0, instance:com.crm.qa.testcases.LoginTest@5b94b04d]" started-at="2019-01-31T14:58:57Z" name="tearDown" finished-at="2019-01-31T14:58:58Z" duration-ms="1255" status="PASS">
          <reporter-output>
          </reporter-output>
        </test-method> <!-- tearDown -->
        <test-method is-config="true" signature="setUp()[pri:0, instance:com.crm.qa.testcases.LoginTest@5b94b04d]" started-at="2019-01-31T14:59:10Z" name="setUp" finished-at="2019-01-31T14:59:16Z" duration-ms="6078" status="PASS">
          <reporter-output>
          </reporter-output>
        </test-method> <!-- setUp -->
        <test-method signature="crmLogoImageTest()[pri:2, instance:com.crm.qa.testcases.LoginTest@5b94b04d]" started-at="2019-01-31T14:59:16Z" name="crmLogoImageTest" finished-at="2019-01-31T14:59:16Z" duration-ms="228" status="PASS">
          <reporter-output>
          </reporter-output>
        </test-method> <!-- crmLogoImageTest -->
        <test-method is-config="true" signature="tearDown()[pri:0, instance:com.crm.qa.testcases.LoginTest@5b94b04d]" started-at="2019-01-31T14:59:16Z" name="tearDown" finished-at="2019-01-31T14:59:17Z" duration-ms="1233" status="PASS">
          <reporter-output>
          </reporter-output>
        </test-method> <!-- tearDown -->
        <test-method is-config="true" signature="setUp()[pri:0, instance:com.crm.qa.testcases.LoginTest@5b94b04d]" started-at="2019-01-31T14:59:35Z" name="setUp" finished-at="2019-01-31T14:59:44Z" duration-ms="9414" status="PASS">
          <reporter-output>
          </reporter-output>
        </test-method> <!-- setUp -->
        <test-method signature="loginTest()[pri:3, instance:com.crm.qa.testcases.LoginTest@5b94b04d]" started-at="2019-01-31T14:59:44Z" name="loginTest" finished-at="2019-01-31T14:59:48Z" duration-ms="3136" status="PASS">
          <reporter-output>
          </reporter-output>
        </test-method> <!-- loginTest -->
        <test-method is-config="true" signature="tearDown()[pri:0, instance:com.crm.qa.testcases.LoginTest@5b94b04d]" started-at="2019-01-31T14:59:48Z" name="tearDown" finished-at="2019-01-31T14:59:49Z" duration-ms="1489" status="PASS">
          <reporter-output>
          </reporter-output>
        </test-method> <!-- tearDown -->
      </class> <!-- com.crm.qa.testcases.LoginTest -->
    </test> <!-- Free CRM App Test Cases -->
  </suite> <!-- FREE CRM Application Test Automation Test Suite -->
</testng-results>
