<?xml version="1.0" encoding="UTF-8"?>
<!-- Generated by org.testng.reporters.JUnitReportReporter -->
<testsuite hostname="ZTE_Ting-PC" failures="0" tests="3" name="com.crm.qa.testcases.HomePageTest" time="50.577" errors="0" timestamp="31 1月 2019 20:00:11 GMT" skipped="0">
  <testcase classname="com.crm.qa.testcases.HomePageTest" name="verifyHomePageTitleTest" time="16.555"/>
  <testcase classname="com.crm.qa.testcases.HomePageTest" name="verifyUserNameTest" time="11.682"/>
  <testcase classname="com.crm.qa.testcases.HomePageTest" name="verifyContactsLinkTest" time="22.340"/>
</testsuite> <!-- com.crm.qa.testcases.HomePageTest -->
