<?xml version="1.0" encoding="UTF-8"?>
<!-- Generated by org.testng.reporters.JUnitReportReporter -->
<testsuite hostname="ZTE_Ting-PC" failures="0" tests="3" name="com.crm.qa.testcases.LoginTest" time="32.033" errors="0" timestamp="31 1月 2019 20:00:11 GMT" skipped="0">
  <testcase classname="com.crm.qa.testcases.LoginTest" name="loginPageTitleTest" time="7.364"/>
  <testcase classname="com.crm.qa.testcases.LoginTest" name="crmLogoImageTest" time="10.875"/>
  <testcase classname="com.crm.qa.testcases.LoginTest" name="loginTest" time="13.794"/>
</testsuite> <!-- com.crm.qa.testcases.LoginTest -->
